Joined server Attorney Online Vidya (Dedicated) on address 168.235.103.247:50001 on Thu Apr 15 21:01:35 2021 GMT
[Thu Apr 15 21:02:11 2021 GMT] Chiaki: but out of nowhere
[Thu Apr 15 21:02:18 2021 GMT] Chiaki: Wet My Scales starts playing.
[Thu Apr 15 21:02:26 2021 GMT] Chiaki: "Hello, and goodbye."
[Thu Apr 15 21:02:30 2021 GMT] Robert_Snow: no ping?
[Thu Apr 15 21:02:42 2021 GMT] Hazama: Thought I forgot something
[Thu Apr 15 21:02:49 2021 GMT] Hazama: Thx
[Thu Apr 15 21:02:50 2021 GMT] Chiaki: did it for you
[Thu Apr 15 21:03:08 2021 GMT] Chiaki: 
[Thu Apr 15 21:04:30 2021 GMT] Chiaki: you know what'd be funny
[Thu Apr 15 21:04:43 2021 GMT] Marie: What?
[Thu Apr 15 21:04:47 2021 GMT] Chiaki: if one session legit had nothing going on and the whole thing was them just looking for -something- to do so they don't lose their daily quota
[Thu Apr 15 21:05:03 2021 GMT] Chiaki: heheh
[Thu Apr 15 21:05:13 2021 GMT] Marie: I mean.
[Thu Apr 15 21:05:14 2021 GMT] Hazama: Clearly the answer is to fake crimes
[Thu Apr 15 21:05:19 2021 GMT] Inferno_Cop: 
[Thu Apr 15 21:05:19 2021 GMT] Inferno_Cop: 
[Thu Apr 15 21:05:21 2021 GMT] Inferno_Cop: 
[Thu Apr 15 21:05:24 2021 GMT] Marie: 
[Thu Apr 15 21:05:30 2021 GMT] Marie: :GUN:
[Thu Apr 15 21:05:49 2021 GMT] Chiaki: oh yeah aimi
[Thu Apr 15 21:05:53 2021 GMT] Chiaki: i changed the momentum system
[Thu Apr 15 21:05:56 2021 GMT] Robert_Snow: 
[Thu Apr 15 21:05:59 2021 GMT] Marie: I saw
[Thu Apr 15 21:06:00 2021 GMT] Hazama: Also thinking in XX:30 we go
[Thu Apr 15 21:06:05 2021 GMT] Chiaki: yee.
[Thu Apr 15 21:06:06 2021 GMT] Penny: 
[Thu Apr 15 21:06:09 2021 GMT] Marie: Works for me btw
[Thu Apr 15 21:06:16 2021 GMT] Hazama: Heads up, a fair amount of this session will likely end up being combat due to when we left off
[Thu Apr 15 21:06:23 2021 GMT] Penny: k